<html>
<head>
<title>TestNG:  Default test</title>
<link href="../testng.css" rel="stylesheet" type="text/css" />
<link href="../my-testng.css" rel="stylesheet" type="text/css" />

<style type="text/css">
.log { display: none;} 
.stack-trace { display: none;} 
</style>
<script type="text/javascript">
<!--
function flip(e) {
  current = e.style.display;
  if (current == 'block') {
    e.style.display = 'none';
    return 0;
  }
  else {
    e.style.display = 'block';
    return 1;
  }
}

function toggleBox(szDivId, elem, msg1, msg2)
{
  var res = -1;  if (document.getElementById) {
    res = flip(document.getElementById(szDivId));
  }
  else if (document.all) {
    // this is the way old msie versions work
    res = flip(document.all[szDivId]);
  }
  if(elem) {
    if(res == 0) elem.innerHTML = msg1; else elem.innerHTML = msg2;
  }

}

function toggleAllBoxes() {
  if (document.getElementsByTagName) {
    d = document.getElementsByTagName('div');
    for (i = 0; i < d.length; i++) {
      if (d[i].className == 'log') {
        flip(d[i]);
      }
    }
  }
}

// -->
</script>

</head>
<body>
<h2 align='center'>Default test</h2><table border='1' align="center">
<tr>
<td>Tests passed/Failed/Skipped:</td><td>1/2/0</td>
</tr><tr>
<td>Started on:</td><td>Tue Jan 14 22:04:41 IST 2020</td>
</tr>
<tr><td>Total time:</td><td>127 seconds (127864 ms)</td>
</tr><tr>
<td>Included groups:</td><td></td>
</tr><tr>
<td>Excluded groups:</td><td></td>
</tr>
</table><p/>
<small><i>(Hover the method name to see the test class name)</i></small><p/>
<table width='100%' border='1' class='invocation-failed'>
<tr><td colspan='4' align='center'><b>FAILED TESTS</b></td></tr>
<tr><td><b>Test method</b></td>
<td width="30%"><b>Exception</b></td>
<td width="10%"><b>Time (seconds)</b></td>
<td><b>Instance</b></td>
</tr>
<tr>
<td title='com.eversource.qa.testcases.LoginPageTest.AccHistoryTest()'><b>AccHistoryTest</b><br>Test class: com.eversource.qa.testcases.LoginPageTest<br/>
<a href="#Output-873993427" onClick='toggleBox("Output-873993427", this, "Show output", "Hide output");'>Show output</a>

<a href="#Output-873993427" onClick="toggleAllBoxes();">Show all outputs</a>
<div class='log' id="Output-873993427">
-----------------------AccHistoryTest--------------<br/>
Trying to find Element By : By.xpath: //ul[@class='nav nav-tabs']//a[contains(text(),'My Account')]<br/>
Found Element By : By.xpath: //ul[@class='nav nav-tabs']//a[contains(text(),'My Account')]<br/>
Trying to click on: [[ChromeDriver: chrome on XP (10537e31b2af622ff2c9e709e8c73919)] -> xpath: //ul[@class='nav nav-tabs']//a[contains(text(),'My Account')]]<br/>
Exception occured: org.openqa.selenium.ElementClickInterceptedException: element click intercepted: Element <a title="..." data-subnav="1" aria-haspopup="true" role="menuitem">My Account</a> is not clickable at point (283, 212). Other element would receive the click: <div class="modal-backdrop fade"></div>
  (Session info: chrome=79.0.3945.117)
Build info: version: '3.141.59', revision: 'e82be7d358', time: '2018-11-14T08:17:03'
System info: host: 'IDELIVER20-PC', ip: '10.4.64.163', os.name: 'Windows 10', os.arch: 'amd64', os.version: '10.0', java.version: '1.8.0_231'
Driver info: org.openqa.selenium.chrome.ChromeDriver
Capabilities {acceptInsecureCerts: false, browserName: chrome, browserVersion: 79.0.3945.117, chrome: {chromedriverVersion: 78.0.3904.70 (edb9c9f3de024..., userDataDir: C:\Users\IDELIV~1\AppData\L...}, goog:chromeOptions: {debuggerAddress: localhost:53804}, javascriptEnabled: true, networkConnectionEnabled: false, pageLoadStrategy: normal, platform: XP, platformName: XP, proxy: Proxy(), setWindowRect: true, strictFileInteractability: false, timeouts: {implicit: 0, pageLoad: 300000, script: 30000}, unhandledPromptBehavior: dismiss and notify}
Session ID: 10537e31b2af622ff2c9e709e8c73919<br/>
</div>
</td>
<td><div><pre>org.openqa.selenium.ElementClickInterceptedException: element click intercepted: Element &lt;a title=&quot;...&quot; data-subnav=&quot;1&quot; aria-haspopup=&quot;true&quot; role=&quot;menuitem&quot;&gt;My Account&lt;/a&gt; is not clickable at point (283, 212). Other element would receive the click: &lt;div class=&quot;modal-backdrop fade&quot;&gt;&lt;/div&gt;
  (Session info: chrome=79.0.3945.117)
Build info: version: &apos;3.141.59&apos;, revision: &apos;e82be7d358&apos;, time: &apos;2018-11-14T08:17:03&apos;
System info: host: &apos;IDELIVER20-PC&apos;, ip: &apos;10.4.64.163&apos;, os.name: &apos;Windows 10&apos;, os.arch: &apos;amd64&apos;, os.version: &apos;10.0&apos;, java.version: &apos;1.8.0_231&apos;
Driver info: org.openqa.selenium.chrome.ChromeDriver
Capabilities {acceptInsecureCerts: false, browserName: chrome, browserVersion: 79.0.3945.117, chrome: {chromedriverVersion: 78.0.3904.70 (edb9c9f3de024..., userDataDir: C:\Users\IDELIV~1\AppData\L...}, goog:chromeOptions: {debuggerAddress: localhost:53804}, javascriptEnabled: true, networkConnectionEnabled: false, pageLoadStrategy: normal, platform: XP, platformName: XP, proxy: Proxy(), setWindowRect: true, strictFileInteractability: false, timeouts: {implicit: 0, pageLoad: 300000, script: 30000}, unhandledPromptBehavior: dismiss and notify}
Session ID: 10537e31b2af622ff2c9e709e8c73919
	at sun.reflect.NativeConstructorAccessorImpl.newInstance0(Native Method)
	at sun.reflect.NativeConstructorAccessorImpl.newInstance(Unknown Source)
	at sun.reflect.DelegatingConstructorAccessorImpl.newInstance(Unknown Source)
	at java.lang.reflect.Constructor.newInstance(Unknown Source)
	at org.openqa.selenium.remote.http.W3CHttpResponseCodec.createException(W3CHttpResponseCodec.java:187)
	at org.openqa.selenium.remote.http.W3CHttpResponseCodec.decode(W3CHttpResponseCodec.java:122)
	at org.openqa.selenium.remote.http.W3CHttpResponseCodec.decode(W3CHttpResponseCodec.java:49)
	at org.openqa.selenium.remote.HttpCommandExecutor.execute(HttpCommandExecutor.java:158)
	at org.openqa.selenium.remote.service.DriverCommandExecutor.execute(DriverCommandExecutor.java:83)
	at org.openqa.selenium.remote.RemoteWebDriver.execute(RemoteWebDriver.java:552)
	at org.openqa.selenium.remote.RemoteWebElement.execute(RemoteWebElement.java:285)
	at org.openqa.selenium.remote.RemoteWebElement.click(RemoteWebElement.java:84)
	at sun.reflect.NativeMethodAccessorImpl.invoke0(Native Method)
	at sun.reflect.NativeMethodAccessorImpl.invoke(Unknown Source)
	at sun.reflect.DelegatingMethodAccessorImpl.invoke(Unknown Source)
	at java.lang.reflect.Method.invoke(Unknown Source)
	at org.openqa.selenium.support.events.EventFiringWebDriver$EventFiringWebElement.lambda$new$0(EventFiringWebDriver.java:404)
	at com.sun.proxy.$Proxy13.click(Unknown Source)
	at org.openqa.selenium.support.events.EventFiringWebDriver$EventFiringWebElement.click(EventFiringWebDriver.java:417)
	at sun.reflect.NativeMethodAccessorImpl.invoke0(Native Method)
	at sun.reflect.NativeMethodAccessorImpl.invoke(Unknown Source)
	at sun.reflect.DelegatingMethodAccessorImpl.invoke(Unknown Source)
	at java.lang.reflect.Method.invoke(Unknown Source)
	at org.openqa.selenium.support.pagefactory.internal.LocatingElementHandler.invoke(LocatingElementHandler.java:51)
	at com.sun.proxy.$Proxy11.click(Unknown Source)
	at com.eversource.qa.pages.HomePage.clickOnAccountsLink(HomePage.java:59)
	at com.eversource.qa.testcases.LoginPageTest.AccHistoryTest(LoginPageTest.java:64)
	at sun.reflect.NativeMethodAccessorImpl.invoke0(Native Method)
	at sun.reflect.NativeMethodAccessorImpl.invoke(Unknown Source)
	at sun.reflect.DelegatingMethodAccessorImpl.invoke(Unknown Source)
	at java.lang.reflect.Method.invoke(Unknown Source)
	at org.testng.internal.MethodInvocationHelper.invokeMethod(MethodInvocationHelper.java:86)
	at org.testng.internal.Invoker.invokeMethod(Invoker.java:643)
	at org.testng.internal.Invoker.invokeTestMethod(Invoker.java:820)
	at org.testng.internal.Invoker.invokeTestMethods(Invoker.java:1128)
	at org.testng.internal.TestMethodWorker.invokeTestMethods(TestMethodWorker.java:129)
	at org.testng.internal.TestMethodWorker.run(TestMethodWorker.java:112)
	at org.testng.TestRunner.privateRun(TestRunner.java:782)
	at org.testng.TestRunner.run(TestRunner.java:632)
	at org.testng.SuiteRunner.runTest(SuiteRunner.java:366)
	at org.testng.SuiteRunner.runSequentially(SuiteRunner.java:361)
	at org.testng.SuiteRunner.privateRun(SuiteRunner.java:319)
	at org.testng.SuiteRunner.run(SuiteRunner.java:268)
	at org.testng.SuiteRunnerWorker.runSuite(SuiteRunnerWorker.java:52)
	at org.testng.SuiteRunnerWorker.run(SuiteRunnerWorker.java:86)
	at org.testng.TestNG.runSuitesSequentially(TestNG.java:1244)
	at org.testng.TestNG.runSuitesLocally(TestNG.java:1169)
	at org.testng.TestNG.run(TestNG.java:1064)
	at org.testng.remote.AbstractRemoteTestNG.run(AbstractRemoteTestNG.java:126)
	at org.testng.remote.RemoteTestNG.initAndRun(RemoteTestNG.java:152)
	at org.testng.remote.RemoteTestNG.main(RemoteTestNG.java:57)
</pre></div><a href='#' onClick='toggleBox("stack-trace873993427", this, "Click to show all stack frames", "Click to hide stack frames")'>Click to show all stack frames</a>
<div class='stack-trace' id='stack-trace873993427'><pre>org.openqa.selenium.ElementClickInterceptedException: element click intercepted: Element &lt;a title=&quot;...&quot; data-subnav=&quot;1&quot; aria-haspopup=&quot;true&quot; role=&quot;menuitem&quot;&gt;My Account&lt;/a&gt; is not clickable at point (283, 212). Other element would receive the click: &lt;div class=&quot;modal-backdrop fade&quot;&gt;&lt;/div&gt;
  (Session info: chrome=79.0.3945.117)
Build info: version: &apos;3.141.59&apos;, revision: &apos;e82be7d358&apos;, time: &apos;2018-11-14T08:17:03&apos;
System info: host: &apos;IDELIVER20-PC&apos;, ip: &apos;10.4.64.163&apos;, os.name: &apos;Windows 10&apos;, os.arch: &apos;amd64&apos;, os.version: &apos;10.0&apos;, java.version: &apos;1.8.0_231&apos;
Driver info: org.openqa.selenium.chrome.ChromeDriver
Capabilities {acceptInsecureCerts: false, browserName: chrome, browserVersion: 79.0.3945.117, chrome: {chromedriverVersion: 78.0.3904.70 (edb9c9f3de024..., userDataDir: C:\Users\IDELIV~1\AppData\L...}, goog:chromeOptions: {debuggerAddress: localhost:53804}, javascriptEnabled: true, networkConnectionEnabled: false, pageLoadStrategy: normal, platform: XP, platformName: XP, proxy: Proxy(), setWindowRect: true, strictFileInteractability: false, timeouts: {implicit: 0, pageLoad: 300000, script: 30000}, unhandledPromptBehavior: dismiss and notify}
Session ID: 10537e31b2af622ff2c9e709e8c73919
	at sun.reflect.NativeConstructorAccessorImpl.newInstance0(Native Method)
	at sun.reflect.NativeConstructorAccessorImpl.newInstance(Unknown Source)
	at sun.reflect.DelegatingConstructorAccessorImpl.newInstance(Unknown Source)
	at java.lang.reflect.Constructor.newInstance(Unknown Source)
	at org.openqa.selenium.remote.http.W3CHttpResponseCodec.createException(W3CHttpResponseCodec.java:187)
	at org.openqa.selenium.remote.http.W3CHttpResponseCodec.decode(W3CHttpResponseCodec.java:122)
	at org.openqa.selenium.remote.http.W3CHttpResponseCodec.decode(W3CHttpResponseCodec.java:49)
	at org.openqa.selenium.remote.HttpCommandExecutor.execute(HttpCommandExecutor.java:158)
	at org.openqa.selenium.remote.service.DriverCommandExecutor.execute(DriverCommandExecutor.java:83)
	at org.openqa.selenium.remote.RemoteWebDriver.execute(RemoteWebDriver.java:552)
	at org.openqa.selenium.remote.RemoteWebElement.execute(RemoteWebElement.java:285)
	at org.openqa.selenium.remote.RemoteWebElement.click(RemoteWebElement.java:84)
	at sun.reflect.NativeMethodAccessorImpl.invoke0(Native Method)
	at sun.reflect.NativeMethodAccessorImpl.invoke(Unknown Source)
	at sun.reflect.DelegatingMethodAccessorImpl.invoke(Unknown Source)
	at java.lang.reflect.Method.invoke(Unknown Source)
	at org.openqa.selenium.support.events.EventFiringWebDriver$EventFiringWebElement.lambda$new$0(EventFiringWebDriver.java:404)
	at com.sun.proxy.$Proxy13.click(Unknown Source)
	at org.openqa.selenium.support.events.EventFiringWebDriver$EventFiringWebElement.click(EventFiringWebDriver.java:417)
	at sun.reflect.NativeMethodAccessorImpl.invoke0(Native Method)
	at sun.reflect.NativeMethodAccessorImpl.invoke(Unknown Source)
	at sun.reflect.DelegatingMethodAccessorImpl.invoke(Unknown Source)
	at java.lang.reflect.Method.invoke(Unknown Source)
	at org.openqa.selenium.support.pagefactory.internal.LocatingElementHandler.invoke(LocatingElementHandler.java:51)
	at com.sun.proxy.$Proxy11.click(Unknown Source)
	at com.eversource.qa.pages.HomePage.clickOnAccountsLink(HomePage.java:59)
	at com.eversource.qa.testcases.LoginPageTest.AccHistoryTest(LoginPageTest.java:64)
	at sun.reflect.NativeMethodAccessorImpl.invoke0(Native Method)
	at sun.reflect.NativeMethodAccessorImpl.invoke(Unknown Source)
	at sun.reflect.DelegatingMethodAccessorImpl.invoke(Unknown Source)
	at java.lang.reflect.Method.invoke(Unknown Source)
	at org.testng.internal.MethodInvocationHelper.invokeMethod(MethodInvocationHelper.java:86)
	at org.testng.internal.Invoker.invokeMethod(Invoker.java:643)
	at org.testng.internal.Invoker.invokeTestMethod(Invoker.java:820)
	at org.testng.internal.Invoker.invokeTestMethods(Invoker.java:1128)
	at org.testng.internal.TestMethodWorker.invokeTestMethods(TestMethodWorker.java:129)
	at org.testng.internal.TestMethodWorker.run(TestMethodWorker.java:112)
	at org.testng.TestRunner.privateRun(TestRunner.java:782)
	at org.testng.TestRunner.run(TestRunner.java:632)
	at org.testng.SuiteRunner.runTest(SuiteRunner.java:366)
	at org.testng.SuiteRunner.runSequentially(SuiteRunner.java:361)
	at org.testng.SuiteRunner.privateRun(SuiteRunner.java:319)
	at org.testng.SuiteRunner.run(SuiteRunner.java:268)
	at org.testng.SuiteRunnerWorker.runSuite(SuiteRunnerWorker.java:52)
	at org.testng.SuiteRunnerWorker.run(SuiteRunnerWorker.java:86)
	at org.testng.TestNG.runSuitesSequentially(TestNG.java:1244)
	at org.testng.TestNG.runSuitesLocally(TestNG.java:1169)
	at org.testng.TestNG.run(TestNG.java:1064)
	at org.testng.remote.AbstractRemoteTestNG.run(AbstractRemoteTestNG.java:126)
	at org.testng.remote.RemoteTestNG.initAndRun(RemoteTestNG.java:152)
	at org.testng.remote.RemoteTestNG.main(RemoteTestNG.java:57)
</pre></div></td>
<td>0</td>
<td>com.eversource.qa.testcases.LoginPageTest@32eebfca</td></tr>
<tr>
<td title='com.eversource.qa.testcases.LoginPageTest.PayBillTest()'><b>PayBillTest</b><br>Test class: com.eversource.qa.testcases.LoginPageTest<br/>
<a href="#Output-967576586" onClick='toggleBox("Output-967576586", this, "Show output", "Hide output");'>Show output</a>

<a href="#Output-967576586" onClick="toggleAllBoxes();">Show all outputs</a>
<div class='log' id="Output-967576586">
-----------------------PayBillTest--------------<br/>
Trying to find Element By : By.xpath: //ul[@class='nav nav-tabs']//a[contains(text(),'My Account')]<br/>
Found Element By : By.xpath: //ul[@class='nav nav-tabs']//a[contains(text(),'My Account')]<br/>
Trying to click on: [[ChromeDriver: chrome on XP (10537e31b2af622ff2c9e709e8c73919)] -> xpath: //ul[@class='nav nav-tabs']//a[contains(text(),'My Account')]]<br/>
Clicked on: [[ChromeDriver: chrome on XP (10537e31b2af622ff2c9e709e8c73919)] -> xpath: //ul[@class='nav nav-tabs']//a[contains(text(),'My Account')]]<br/>
Pay Bill<br/>
Trying to find Element By : By.xpath: //ul[@class='list-unstyled']//a[contains(text(),'Pay Bill')]<br/>
Found Element By : By.xpath: //ul[@class='list-unstyled']//a[contains(text(),'Pay Bill')]<br/>
Trying to find Element By : By.xpath: //ul[@class='list-unstyled']//a[contains(text(),'Pay Bill')]<br/>
Found Element By : By.xpath: //ul[@class='list-unstyled']//a[contains(text(),'Pay Bill')]<br/>
Trying to click on: [[ChromeDriver: chrome on XP (10537e31b2af622ff2c9e709e8c73919)] -> xpath: //ul[@class='list-unstyled']//a[contains(text(),'Pay Bill')]]<br/>
Clicked on: [[ChromeDriver: chrome on XP (10537e31b2af622ff2c9e709e8c73919)] -> xpath: //ul[@class='list-unstyled']//a[contains(text(),'Pay Bill')]]<br/>
Clicked on Pay Bill Link<br/>
</div>
</td>
<td><div><pre>java.lang.NullPointerException
	at com.eversource.qa.util.Extent_reporter.Menuvalidation(Extent_reporter.java:67)
	at com.eversource.qa.pages.EverSource_HeaderMenu.CheckHeaderMenu(EverSource_HeaderMenu.java:27)
	at com.eversource.qa.pages.PayBill.createPayBill(PayBill.java:72)
	at com.eversource.qa.testcases.LoginPageTest.PayBillTest(LoginPageTest.java:88)
	at sun.reflect.NativeMethodAccessorImpl.invoke0(Native Method)
	at sun.reflect.NativeMethodAccessorImpl.invoke(Unknown Source)
	at sun.reflect.DelegatingMethodAccessorImpl.invoke(Unknown Source)
	at java.lang.reflect.Method.invoke(Unknown Source)
	at org.testng.internal.MethodInvocationHelper.invokeMethod(MethodInvocationHelper.java:86)
	at org.testng.internal.Invoker.invokeMethod(Invoker.java:643)
	at org.testng.internal.Invoker.invokeTestMethod(Invoker.java:820)
	at org.testng.internal.Invoker.invokeTestMethods(Invoker.java:1128)
	at org.testng.internal.TestMethodWorker.invokeTestMethods(TestMethodWorker.java:129)
	at org.testng.internal.TestMethodWorker.run(TestMethodWorker.java:112)
	at org.testng.TestRunner.privateRun(TestRunner.java:782)
	at org.testng.TestRunner.run(TestRunner.java:632)
	at org.testng.SuiteRunner.runTest(SuiteRunner.java:366)
	at org.testng.SuiteRunner.runSequentially(SuiteRunner.java:361)
	at org.testng.SuiteRunner.privateRun(SuiteRunner.java:319)
	at org.testng.SuiteRunner.run(SuiteRunner.java:268)
	at org.testng.SuiteRunnerWorker.runSuite(SuiteRunnerWorker.java:52)
	at org.testng.SuiteRunnerWorker.run(SuiteRunnerWorker.java:86)
	at org.testng.TestNG.runSuitesSequentially(TestNG.java:1244)
	at org.testng.TestNG.runSuitesLocally(TestNG.java:1169)
	at org.testng.TestNG.run(TestNG.java:1064)
	at org.testng.remote.AbstractRemoteTestNG.run(AbstractRemoteTestNG.java:126)
	at org.testng.remote.RemoteTestNG.initAndRun(RemoteTestNG.java:152)
	at org.testng.remote.RemoteTestNG.main(RemoteTestNG.java:57)
</pre></div><a href='#' onClick='toggleBox("stack-trace967576586", this, "Click to show all stack frames", "Click to hide stack frames")'>Click to show all stack frames</a>
<div class='stack-trace' id='stack-trace967576586'><pre>java.lang.NullPointerException
	at com.eversource.qa.util.Extent_reporter.Menuvalidation(Extent_reporter.java:67)
	at com.eversource.qa.pages.EverSource_HeaderMenu.CheckHeaderMenu(EverSource_HeaderMenu.java:27)
	at com.eversource.qa.pages.PayBill.createPayBill(PayBill.java:72)
	at com.eversource.qa.testcases.LoginPageTest.PayBillTest(LoginPageTest.java:88)
	at sun.reflect.NativeMethodAccessorImpl.invoke0(Native Method)
	at sun.reflect.NativeMethodAccessorImpl.invoke(Unknown Source)
	at sun.reflect.DelegatingMethodAccessorImpl.invoke(Unknown Source)
	at java.lang.reflect.Method.invoke(Unknown Source)
	at org.testng.internal.MethodInvocationHelper.invokeMethod(MethodInvocationHelper.java:86)
	at org.testng.internal.Invoker.invokeMethod(Invoker.java:643)
	at org.testng.internal.Invoker.invokeTestMethod(Invoker.java:820)
	at org.testng.internal.Invoker.invokeTestMethods(Invoker.java:1128)
	at org.testng.internal.TestMethodWorker.invokeTestMethods(TestMethodWorker.java:129)
	at org.testng.internal.TestMethodWorker.run(TestMethodWorker.java:112)
	at org.testng.TestRunner.privateRun(TestRunner.java:782)
	at org.testng.TestRunner.run(TestRunner.java:632)
	at org.testng.SuiteRunner.runTest(SuiteRunner.java:366)
	at org.testng.SuiteRunner.runSequentially(SuiteRunner.java:361)
	at org.testng.SuiteRunner.privateRun(SuiteRunner.java:319)
	at org.testng.SuiteRunner.run(SuiteRunner.java:268)
	at org.testng.SuiteRunnerWorker.runSuite(SuiteRunnerWorker.java:52)
	at org.testng.SuiteRunnerWorker.run(SuiteRunnerWorker.java:86)
	at org.testng.TestNG.runSuitesSequentially(TestNG.java:1244)
	at org.testng.TestNG.runSuitesLocally(TestNG.java:1169)
	at org.testng.TestNG.run(TestNG.java:1064)
	at org.testng.remote.AbstractRemoteTestNG.run(AbstractRemoteTestNG.java:126)
	at org.testng.remote.RemoteTestNG.initAndRun(RemoteTestNG.java:152)
	at org.testng.remote.RemoteTestNG.main(RemoteTestNG.java:57)
</pre></div></td>
<td>14</td>
<td>com.eversource.qa.testcases.LoginPageTest@32eebfca</td></tr>
</table><p>
<table width='100%' border='1' class='invocation-passed'>
<tr><td colspan='4' align='center'><b>PASSED TESTS</b></td></tr>
<tr><td><b>Test method</b></td>
<td width="30%"><b>Exception</b></td>
<td width="10%"><b>Time (seconds)</b></td>
<td><b>Instance</b></td>
</tr>
<tr>
<td title='com.eversource.qa.testcases.LoginPageTest.LoginTest()'><b>LoginTest</b><br>Test class: com.eversource.qa.testcases.LoginPageTest<br/>
<a href="#Output-775081157" onClick='toggleBox("Output-775081157", this, "Show output", "Hide output");'>Show output</a>

<a href="#Output-775081157" onClick="toggleAllBoxes();">Show all outputs</a>
<div class='log' id="Output-775081157">
-----------------------LoginTest--------------<br/>
Trying to find Element By : By.xpath: //div[@id='RegionSelectorModal']//div[@class='modal-dialog']//div[@class='modal-content col-xs-12 col-sm-10 col-sm-offset-1 col-md-12 col-md-offset-0']//div[@class='modal-body']<br/>
Found Element By : By.xpath: //div[@id='RegionSelectorModal']//div[@class='modal-dialog']//div[@class='modal-content col-xs-12 col-sm-10 col-sm-offset-1 col-md-12 col-md-offset-0']//div[@class='modal-body']<br/>
Trying to find Element By : By.xpath: //div[@id='map']//a[contains(text(),'New Hampshire')]<br/>
Found Element By : By.xpath: //div[@id='map']//a[contains(text(),'New Hampshire')]<br/>
Trying to click on: [[ChromeDriver: chrome on XP (10537e31b2af622ff2c9e709e8c73919)] -> xpath: //div[@id='map']//a[contains(text(),'New Hampshire')]]<br/>
Clicked on: [[ChromeDriver: chrome on XP (10537e31b2af622ff2c9e709e8c73919)] -> xpath: //div[@id='map']//a[contains(text(),'New Hampshire')]]<br/>
Clicked on New Hampshire Link<br/>
Logging testing with username - perftest1<br/>
Logging testing with password - #Eversource1<br/>
Trying to find Element By : By.xpath: //input[@id='Main_Login_txtUserName']<br/>
Found Element By : By.xpath: //input[@id='Main_Login_txtUserName']<br/>
Trying to find Element By : By.xpath: //input[@id='Main_Login_txtPassword']<br/>
Found Element By : By.xpath: //input[@id='Main_Login_txtPassword']<br/>
Trying to find Element By : By.xpath: //input[@id='Main_Login_btnLoginEnter']<br/>
Found Element By : By.xpath: //input[@id='Main_Login_btnLoginEnter']<br/>
Trying to click on: [[ChromeDriver: chrome on XP (10537e31b2af622ff2c9e709e8c73919)] -> xpath: //input[@id='Main_Login_btnLoginEnter']]<br/>
Clicked on: [[ChromeDriver: chrome on XP (10537e31b2af622ff2c9e709e8c73919)] -> xpath: //input[@id='Main_Login_btnLoginEnter']]<br/>
Trying to find Element By : By.xpath: //div[@id='promotion-modal']//span[contains(text(),'×')]<br/>
Found Element By : By.xpath: //div[@id='promotion-modal']//span[contains(text(),'×')]<br/>
Trying to find Element By : By.xpath: //div[@id='promotion-modal']//span[contains(text(),'×')]<br/>
Found Element By : By.xpath: //div[@id='promotion-modal']//span[contains(text(),'×')]<br/>
Trying to click on: [[ChromeDriver: chrome on XP (10537e31b2af622ff2c9e709e8c73919)] -> xpath: //div[@id='promotion-modal']//span[contains(text(),'×')]]<br/>
Clicked on: [[ChromeDriver: chrome on XP (10537e31b2af622ff2c9e709e8c73919)] -> xpath: //div[@id='promotion-modal']//span[contains(text(),'×')]]<br/>
Trying to find Element By : By.xpath: //div[@class='col-sm-6 col-xs-8']//img[@class='logo img-responsive']<br/>
Found Element By : By.xpath: //div[@class='col-sm-6 col-xs-8']//img[@class='logo img-responsive']<br/>
Successful logging with username -  perftest1<br/>
</div>
</td>
<td></td>
<td>45</td>
<td>com.eversource.qa.testcases.LoginPageTest@32eebfca</td></tr>
</table><p>
</body>
</html>