<!DOCTYPE html PUBLIC "-//W3C//DTD XHTML 1.1//EN" "http://www.w3.org/TR/xhtml11/DTD/xhtml11.dtd">
<html xmlns="http://www.w3.org/1999/xhtml"><head><title>TestNG Report</title><style type="text/css">table {margin-bottom:10px;border-collapse:collapse;empty-cells:show}th,td {border:1px solid #009;padding:.25em .5em}th {vertical-align:bottom}td {vertical-align:top}table a {font-weight:bold}.stripe td {background-color: #E6EBF9}.num {text-align:right}.passedodd td {background-color: #3F3}.passedeven td {background-color: #0A0}.skippedodd td {background-color: #DDD}.skippedeven td {background-color: #CCC}.failedodd td,.attn {background-color: #F33}.failedeven td,.stripe .attn {background-color: #D00}.stacktrace {white-space:pre;font-family:monospace}.totop {font-size:85%;text-align:center;border-bottom:2px solid #000}</style></head><body><table><tr><th>Test</th><th># Passed</th><th># Skipped</th><th># Failed</th><th>Time (ms)</th><th>Included Groups</th><th>Excluded Groups</th></tr><tr><th colspan="7">Default suite</th></tr><tr><td><a href="#t0">Default test</a></td><td class="num">1</td><td class="num">0</td><td class="num attn">2</td><td class="num">127,864</td><td></td><td></td></tr></table><table><thead><tr><th>Class</th><th>Method</th><th>Start</th><th>Time (ms)</th></tr></thead><tbody><tr><th colspan="4">Default suite</th></tr></tbody><tbody id="t0"><tr><th colspan="4">Default test &#8212; failed</th></tr><tr class="failedeven"><td rowspan="2">com.eversource.qa.testcases.LoginPageTest</td><td><a href="#m0">AccHistoryTest</a></td><td rowspan="1">1579019791071</td><td rowspan="1">915</td></tr><tr class="failedeven"><td><a href="#m1">PayBillTest</a></td><td rowspan="1">1579019792011</td><td rowspan="1">14954</td></tr><tr><th colspan="4">Default test &#8212; passed</th></tr><tr class="passedeven"><td rowspan="1">com.eversource.qa.testcases.LoginPageTest</td><td><a href="#m2">LoginTest</a></td><td rowspan="1">1579019745511</td><td rowspan="1">45558</td></tr></tbody></table><h2>Default test</h2><h3 id="m0">com.eversource.qa.testcases.LoginPageTest#AccHistoryTest</h3><table class="result"><tr><th>Messages</th></tr><tr><td><div class="messages">-----------------------AccHistoryTest--------------<br/>Trying to find Element By : By.xpath: //ul[@class=&apos;nav nav-tabs&apos;]//a[contains(text(),&apos;My Account&apos;)]<br/>Found Element By : By.xpath: //ul[@class=&apos;nav nav-tabs&apos;]//a[contains(text(),&apos;My Account&apos;)]<br/>Trying to click on: [[ChromeDriver: chrome on XP (10537e31b2af622ff2c9e709e8c73919)] -&gt; xpath: //ul[@class=&apos;nav nav-tabs&apos;]//a[contains(text(),&apos;My Account&apos;)]]<br/>Exception occured: org.openqa.selenium.ElementClickInterceptedException: element click intercepted: Element &lt;a title=&quot;...&quot; data-subnav=&quot;1&quot; aria-haspopup=&quot;true&quot; role=&quot;menuitem&quot;&gt;My Account&lt;/a&gt; is not clickable at point (283, 212). Other element would receive the click: &lt;div class=&quot;modal-backdrop fade&quot;&gt;&lt;/div&gt;
  (Session info: chrome=79.0.3945.117)
Build info: version: &apos;3.141.59&apos;, revision: &apos;e82be7d358&apos;, time: &apos;2018-11-14T08:17:03&apos;
System info: host: &apos;IDELIVER20-PC&apos;, ip: &apos;10.4.64.163&apos;, os.name: &apos;Windows 10&apos;, os.arch: &apos;amd64&apos;, os.version: &apos;10.0&apos;, java.version: &apos;1.8.0_231&apos;
Driver info: org.openqa.selenium.chrome.ChromeDriver
Capabilities {acceptInsecureCerts: false, browserName: chrome, browserVersion: 79.0.3945.117, chrome: {chromedriverVersion: 78.0.3904.70 (edb9c9f3de024..., userDataDir: C:\Users\IDELIV~1\AppData\L...}, goog:chromeOptions: {debuggerAddress: localhost:53804}, javascriptEnabled: true, networkConnectionEnabled: false, pageLoadStrategy: normal, platform: XP, platformName: XP, proxy: Proxy(), setWindowRect: true, strictFileInteractability: false, timeouts: {implicit: 0, pageLoad: 300000, script: 30000}, unhandledPromptBehavior: dismiss and notify}
Session ID: 10537e31b2af622ff2c9e709e8c73919</div></td></tr><tr><th>Exception</th></tr><tr><td><div class="stacktrace">org.openqa.selenium.ElementClickInterceptedException: element click intercepted: Element &lt;a title=&quot;...&quot; data-subnav=&quot;1&quot; aria-haspopup=&quot;true&quot; role=&quot;menuitem&quot;&gt;My Account&lt;/a&gt; is not clickable at point (283, 212). Other element would receive the click: &lt;div class=&quot;modal-backdrop fade&quot;&gt;&lt;/div&gt;
  (Session info: chrome=79.0.3945.117)
Build info: version: &apos;3.141.59&apos;, revision: &apos;e82be7d358&apos;, time: &apos;2018-11-14T08:17:03&apos;
System info: host: &apos;IDELIVER20-PC&apos;, ip: &apos;10.4.64.163&apos;, os.name: &apos;Windows 10&apos;, os.arch: &apos;amd64&apos;, os.version: &apos;10.0&apos;, java.version: &apos;1.8.0_231&apos;
Driver info: org.openqa.selenium.chrome.ChromeDriver
Capabilities {acceptInsecureCerts: false, browserName: chrome, browserVersion: 79.0.3945.117, chrome: {chromedriverVersion: 78.0.3904.70 (edb9c9f3de024..., userDataDir: C:\Users\IDELIV~1\AppData\L...}, goog:chromeOptions: {debuggerAddress: localhost:53804}, javascriptEnabled: true, networkConnectionEnabled: false, pageLoadStrategy: normal, platform: XP, platformName: XP, proxy: Proxy(), setWindowRect: true, strictFileInteractability: false, timeouts: {implicit: 0, pageLoad: 300000, script: 30000}, unhandledPromptBehavior: dismiss and notify}
Session ID: 10537e31b2af622ff2c9e709e8c73919
	at sun.reflect.NativeConstructorAccessorImpl.newInstance0(Native Method)
	at sun.reflect.NativeConstructorAccessorImpl.newInstance(Unknown Source)
	at sun.reflect.DelegatingConstructorAccessorImpl.newInstance(Unknown Source)
	at java.lang.reflect.Constructor.newInstance(Unknown Source)
	at org.openqa.selenium.remote.http.W3CHttpResponseCodec.createException(W3CHttpResponseCodec.java:187)
	at org.openqa.selenium.remote.http.W3CHttpResponseCodec.decode(W3CHttpResponseCodec.java:122)
	at org.openqa.selenium.remote.http.W3CHttpResponseCodec.decode(W3CHttpResponseCodec.java:49)
	at org.openqa.selenium.remote.HttpCommandExecutor.execute(HttpCommandExecutor.java:158)
	at org.openqa.selenium.remote.service.DriverCommandExecutor.execute(DriverCommandExecutor.java:83)
	at org.openqa.selenium.remote.RemoteWebDriver.execute(RemoteWebDriver.java:552)
	at org.openqa.selenium.remote.RemoteWebElement.execute(RemoteWebElement.java:285)
	at org.openqa.selenium.remote.RemoteWebElement.click(RemoteWebElement.java:84)
	at sun.reflect.NativeMethodAccessorImpl.invoke0(Native Method)
	at sun.reflect.NativeMethodAccessorImpl.invoke(Unknown Source)
	at sun.reflect.DelegatingMethodAccessorImpl.invoke(Unknown Source)
	at java.lang.reflect.Method.invoke(Unknown Source)
	at org.openqa.selenium.support.events.EventFiringWebDriver$EventFiringWebElement.lambda$new$0(EventFiringWebDriver.java:404)
	at com.sun.proxy.$Proxy13.click(Unknown Source)
	at org.openqa.selenium.support.events.EventFiringWebDriver$EventFiringWebElement.click(EventFiringWebDriver.java:417)
	at sun.reflect.NativeMethodAccessorImpl.invoke0(Native Method)
	at sun.reflect.NativeMethodAccessorImpl.invoke(Unknown Source)
	at sun.reflect.DelegatingMethodAccessorImpl.invoke(Unknown Source)
	at java.lang.reflect.Method.invoke(Unknown Source)
	at org.openqa.selenium.support.pagefactory.internal.LocatingElementHandler.invoke(LocatingElementHandler.java:51)
	at com.sun.proxy.$Proxy11.click(Unknown Source)
	at com.eversource.qa.pages.HomePage.clickOnAccountsLink(HomePage.java:59)
	at com.eversource.qa.testcases.LoginPageTest.AccHistoryTest(LoginPageTest.java:64)
	at sun.reflect.NativeMethodAccessorImpl.invoke0(Native Method)
	at sun.reflect.NativeMethodAccessorImpl.invoke(Unknown Source)
	at sun.reflect.DelegatingMethodAccessorImpl.invoke(Unknown Source)
	at java.lang.reflect.Method.invoke(Unknown Source)
	at org.testng.internal.MethodInvocationHelper.invokeMethod(MethodInvocationHelper.java:86)
	at org.testng.internal.Invoker.invokeMethod(Invoker.java:643)
	at org.testng.internal.Invoker.invokeTestMethod(Invoker.java:820)
	at org.testng.internal.Invoker.invokeTestMethods(Invoker.java:1128)
	at org.testng.internal.TestMethodWorker.invokeTestMethods(TestMethodWorker.java:129)
	at org.testng.internal.TestMethodWorker.run(TestMethodWorker.java:112)
	at org.testng.TestRunner.privateRun(TestRunner.java:782)
	at org.testng.TestRunner.run(TestRunner.java:632)
	at org.testng.SuiteRunner.runTest(SuiteRunner.java:366)
	at org.testng.SuiteRunner.runSequentially(SuiteRunner.java:361)
	at org.testng.SuiteRunner.privateRun(SuiteRunner.java:319)
	at org.testng.SuiteRunner.run(SuiteRunner.java:268)
	at org.testng.SuiteRunnerWorker.runSuite(SuiteRunnerWorker.java:52)
	at org.testng.SuiteRunnerWorker.run(SuiteRunnerWorker.java:86)
	at org.testng.TestNG.runSuitesSequentially(TestNG.java:1244)
	at org.testng.TestNG.runSuitesLocally(TestNG.java:1169)
	at org.testng.TestNG.run(TestNG.java:1064)
	at org.testng.remote.AbstractRemoteTestNG.run(AbstractRemoteTestNG.java:126)
	at org.testng.remote.RemoteTestNG.initAndRun(RemoteTestNG.java:152)
	at org.testng.remote.RemoteTestNG.main(RemoteTestNG.java:57)
</div></td></tr></table><p class="totop"><a href="#summary">back to summary</a></p><h3 id="m1">com.eversource.qa.testcases.LoginPageTest#PayBillTest</h3><table class="result"><tr><th>Messages</th></tr><tr><td><div class="messages">-----------------------PayBillTest--------------<br/>Trying to find Element By : By.xpath: //ul[@class=&apos;nav nav-tabs&apos;]//a[contains(text(),&apos;My Account&apos;)]<br/>Found Element By : By.xpath: //ul[@class=&apos;nav nav-tabs&apos;]//a[contains(text(),&apos;My Account&apos;)]<br/>Trying to click on: [[ChromeDriver: chrome on XP (10537e31b2af622ff2c9e709e8c73919)] -&gt; xpath: //ul[@class=&apos;nav nav-tabs&apos;]//a[contains(text(),&apos;My Account&apos;)]]<br/>Clicked on: [[ChromeDriver: chrome on XP (10537e31b2af622ff2c9e709e8c73919)] -&gt; xpath: //ul[@class=&apos;nav nav-tabs&apos;]//a[contains(text(),&apos;My Account&apos;)]]<br/>Pay Bill<br/>Trying to find Element By : By.xpath: //ul[@class=&apos;list-unstyled&apos;]//a[contains(text(),&apos;Pay Bill&apos;)]<br/>Found Element By : By.xpath: //ul[@class=&apos;list-unstyled&apos;]//a[contains(text(),&apos;Pay Bill&apos;)]<br/>Trying to find Element By : By.xpath: //ul[@class=&apos;list-unstyled&apos;]//a[contains(text(),&apos;Pay Bill&apos;)]<br/>Found Element By : By.xpath: //ul[@class=&apos;list-unstyled&apos;]//a[contains(text(),&apos;Pay Bill&apos;)]<br/>Trying to click on: [[ChromeDriver: chrome on XP (10537e31b2af622ff2c9e709e8c73919)] -&gt; xpath: //ul[@class=&apos;list-unstyled&apos;]//a[contains(text(),&apos;Pay Bill&apos;)]]<br/>Clicked on: [[ChromeDriver: chrome on XP (10537e31b2af622ff2c9e709e8c73919)] -&gt; xpath: //ul[@class=&apos;list-unstyled&apos;]//a[contains(text(),&apos;Pay Bill&apos;)]]<br/>Clicked on Pay Bill Link</div></td></tr><tr><th>Exception</th></tr><tr><td><div class="stacktrace">java.lang.NullPointerException
	at com.eversource.qa.util.Extent_reporter.Menuvalidation(Extent_reporter.java:67)
	at com.eversource.qa.pages.EverSource_HeaderMenu.CheckHeaderMenu(EverSource_HeaderMenu.java:27)
	at com.eversource.qa.pages.PayBill.createPayBill(PayBill.java:72)
	at com.eversource.qa.testcases.LoginPageTest.PayBillTest(LoginPageTest.java:88)
	at sun.reflect.NativeMethodAccessorImpl.invoke0(Native Method)
	at sun.reflect.NativeMethodAccessorImpl.invoke(Unknown Source)
	at sun.reflect.DelegatingMethodAccessorImpl.invoke(Unknown Source)
	at java.lang.reflect.Method.invoke(Unknown Source)
	at org.testng.internal.MethodInvocationHelper.invokeMethod(MethodInvocationHelper.java:86)
	at org.testng.internal.Invoker.invokeMethod(Invoker.java:643)
	at org.testng.internal.Invoker.invokeTestMethod(Invoker.java:820)
	at org.testng.internal.Invoker.invokeTestMethods(Invoker.java:1128)
	at org.testng.internal.TestMethodWorker.invokeTestMethods(TestMethodWorker.java:129)
	at org.testng.internal.TestMethodWorker.run(TestMethodWorker.java:112)
	at org.testng.TestRunner.privateRun(TestRunner.java:782)
	at org.testng.TestRunner.run(TestRunner.java:632)
	at org.testng.SuiteRunner.runTest(SuiteRunner.java:366)
	at org.testng.SuiteRunner.runSequentially(SuiteRunner.java:361)
	at org.testng.SuiteRunner.privateRun(SuiteRunner.java:319)
	at org.testng.SuiteRunner.run(SuiteRunner.java:268)
	at org.testng.SuiteRunnerWorker.runSuite(SuiteRunnerWorker.java:52)
	at org.testng.SuiteRunnerWorker.run(SuiteRunnerWorker.java:86)
	at org.testng.TestNG.runSuitesSequentially(TestNG.java:1244)
	at org.testng.TestNG.runSuitesLocally(TestNG.java:1169)
	at org.testng.TestNG.run(TestNG.java:1064)
	at org.testng.remote.AbstractRemoteTestNG.run(AbstractRemoteTestNG.java:126)
	at org.testng.remote.RemoteTestNG.initAndRun(RemoteTestNG.java:152)
	at org.testng.remote.RemoteTestNG.main(RemoteTestNG.java:57)
</div></td></tr></table><p class="totop"><a href="#summary">back to summary</a></p><h3 id="m2">com.eversource.qa.testcases.LoginPageTest#LoginTest</h3><table class="result"><tr><th>Messages</th></tr><tr><td><div class="messages">-----------------------LoginTest--------------<br/>Trying to find Element By : By.xpath: //div[@id=&apos;RegionSelectorModal&apos;]//div[@class=&apos;modal-dialog&apos;]//div[@class=&apos;modal-content col-xs-12 col-sm-10 col-sm-offset-1 col-md-12 col-md-offset-0&apos;]//div[@class=&apos;modal-body&apos;]<br/>Found Element By : By.xpath: //div[@id=&apos;RegionSelectorModal&apos;]//div[@class=&apos;modal-dialog&apos;]//div[@class=&apos;modal-content col-xs-12 col-sm-10 col-sm-offset-1 col-md-12 col-md-offset-0&apos;]//div[@class=&apos;modal-body&apos;]<br/>Trying to find Element By : By.xpath: //div[@id=&apos;map&apos;]//a[contains(text(),&apos;New Hampshire&apos;)]<br/>Found Element By : By.xpath: //div[@id=&apos;map&apos;]//a[contains(text(),&apos;New Hampshire&apos;)]<br/>Trying to click on: [[ChromeDriver: chrome on XP (10537e31b2af622ff2c9e709e8c73919)] -&gt; xpath: //div[@id=&apos;map&apos;]//a[contains(text(),&apos;New Hampshire&apos;)]]<br/>Clicked on: [[ChromeDriver: chrome on XP (10537e31b2af622ff2c9e709e8c73919)] -&gt; xpath: //div[@id=&apos;map&apos;]//a[contains(text(),&apos;New Hampshire&apos;)]]<br/>Clicked on New Hampshire Link<br/>Logging testing with username - perftest1<br/>Logging testing with password - #Eversource1<br/>Trying to find Element By : By.xpath: //input[@id=&apos;Main_Login_txtUserName&apos;]<br/>Found Element By : By.xpath: //input[@id=&apos;Main_Login_txtUserName&apos;]<br/>Trying to find Element By : By.xpath: //input[@id=&apos;Main_Login_txtPassword&apos;]<br/>Found Element By : By.xpath: //input[@id=&apos;Main_Login_txtPassword&apos;]<br/>Trying to find Element By : By.xpath: //input[@id=&apos;Main_Login_btnLoginEnter&apos;]<br/>Found Element By : By.xpath: //input[@id=&apos;Main_Login_btnLoginEnter&apos;]<br/>Trying to click on: [[ChromeDriver: chrome on XP (10537e31b2af622ff2c9e709e8c73919)] -&gt; xpath: //input[@id=&apos;Main_Login_btnLoginEnter&apos;]]<br/>Clicked on: [[ChromeDriver: chrome on XP (10537e31b2af622ff2c9e709e8c73919)] -&gt; xpath: //input[@id=&apos;Main_Login_btnLoginEnter&apos;]]<br/>Trying to find Element By : By.xpath: //div[@id=&apos;promotion-modal&apos;]//span[contains(text(),&apos;×&apos;)]<br/>Found Element By : By.xpath: //div[@id=&apos;promotion-modal&apos;]//span[contains(text(),&apos;×&apos;)]<br/>Trying to find Element By : By.xpath: //div[@id=&apos;promotion-modal&apos;]//span[contains(text(),&apos;×&apos;)]<br/>Found Element By : By.xpath: //div[@id=&apos;promotion-modal&apos;]//span[contains(text(),&apos;×&apos;)]<br/>Trying to click on: [[ChromeDriver: chrome on XP (10537e31b2af622ff2c9e709e8c73919)] -&gt; xpath: //div[@id=&apos;promotion-modal&apos;]//span[contains(text(),&apos;×&apos;)]]<br/>Clicked on: [[ChromeDriver: chrome on XP (10537e31b2af622ff2c9e709e8c73919)] -&gt; xpath: //div[@id=&apos;promotion-modal&apos;]//span[contains(text(),&apos;×&apos;)]]<br/>Trying to find Element By : By.xpath: //div[@class=&apos;col-sm-6 col-xs-8&apos;]//img[@class=&apos;logo img-responsive&apos;]<br/>Found Element By : By.xpath: //div[@class=&apos;col-sm-6 col-xs-8&apos;]//img[@class=&apos;logo img-responsive&apos;]<br/>Successful logging with username -  perftest1</div></td></tr></table><p class="totop"><a href="#summary">back to summary</a></p></body></html>