<?xml version="1.0" encoding="UTF-8"?>
<testng-results skipped="0" failed="2" total="3" passed="1">
  <reporter-output>
    <line>
      <![CDATA[Before navigating to: 'https://pat.eversource.us/']]>
    </line>
    <line>
      <![CDATA[Navigated to:'https://pat.eversource.us/']]>
    </line>
    <line>
      <![CDATA[-----------------------LoginTest--------------]]>
    </line>
    <line>
      <![CDATA[Trying to find Element By : By.xpath: //div[@id='RegionSelectorModal']//div[@class='modal-dialog']//div[@class='modal-content col-xs-12 col-sm-10 col-sm-offset-1 col-md-12 col-md-offset-0']//div[@class='modal-body']]]>
    </line>
    <line>
      <![CDATA[Found Element By : By.xpath: //div[@id='RegionSelectorModal']//div[@class='modal-dialog']//div[@class='modal-content col-xs-12 col-sm-10 col-sm-offset-1 col-md-12 col-md-offset-0']//div[@class='modal-body']]]>
    </line>
    <line>
      <![CDATA[Trying to find Element By : By.xpath: //div[@id='map']//a[contains(text(),'New Hampshire')]]]>
    </line>
    <line>
      <![CDATA[Found Element By : By.xpath: //div[@id='map']//a[contains(text(),'New Hampshire')]]]>
    </line>
    <line>
      <![CDATA[Trying to click on: [[ChromeDriver: chrome on XP (10537e31b2af622ff2c9e709e8c73919)] -> xpath: //div[@id='map']//a[contains(text(),'New Hampshire')]]]]>
    </line>
    <line>
      <![CDATA[Clicked on: [[ChromeDriver: chrome on XP (10537e31b2af622ff2c9e709e8c73919)] -> xpath: //div[@id='map']//a[contains(text(),'New Hampshire')]]]]>
    </line>
    <line>
      <![CDATA[Clicked on New Hampshire Link]]>
    </line>
    <line>
      <![CDATA[Logging testing with username - perftest1]]>
    </line>
    <line>
      <![CDATA[Logging testing with password - #Eversource1]]>
    </line>
    <line>
      <![CDATA[Trying to find Element By : By.xpath: //input[@id='Main_Login_txtUserName']]]>
    </line>
    <line>
      <![CDATA[Found Element By : By.xpath: //input[@id='Main_Login_txtUserName']]]>
    </line>
    <line>
      <![CDATA[Trying to find Element By : By.xpath: //input[@id='Main_Login_txtPassword']]]>
    </line>
    <line>
      <![CDATA[Found Element By : By.xpath: //input[@id='Main_Login_txtPassword']]]>
    </line>
    <line>
      <![CDATA[Trying to find Element By : By.xpath: //input[@id='Main_Login_btnLoginEnter']]]>
    </line>
    <line>
      <![CDATA[Found Element By : By.xpath: //input[@id='Main_Login_btnLoginEnter']]]>
    </line>
    <line>
      <![CDATA[Trying to click on: [[ChromeDriver: chrome on XP (10537e31b2af622ff2c9e709e8c73919)] -> xpath: //input[@id='Main_Login_btnLoginEnter']]]]>
    </line>
    <line>
      <![CDATA[Clicked on: [[ChromeDriver: chrome on XP (10537e31b2af622ff2c9e709e8c73919)] -> xpath: //input[@id='Main_Login_btnLoginEnter']]]]>
    </line>
    <line>
      <![CDATA[Trying to find Element By : By.xpath: //div[@id='promotion-modal']//span[contains(text(),'×')]]]>
    </line>
    <line>
      <![CDATA[Found Element By : By.xpath: //div[@id='promotion-modal']//span[contains(text(),'×')]]]>
    </line>
    <line>
      <![CDATA[Trying to find Element By : By.xpath: //div[@id='promotion-modal']//span[contains(text(),'×')]]]>
    </line>
    <line>
      <![CDATA[Found Element By : By.xpath: //div[@id='promotion-modal']//span[contains(text(),'×')]]]>
    </line>
    <line>
      <![CDATA[Trying to click on: [[ChromeDriver: chrome on XP (10537e31b2af622ff2c9e709e8c73919)] -> xpath: //div[@id='promotion-modal']//span[contains(text(),'×')]]]]>
    </line>
    <line>
      <![CDATA[Clicked on: [[ChromeDriver: chrome on XP (10537e31b2af622ff2c9e709e8c73919)] -> xpath: //div[@id='promotion-modal']//span[contains(text(),'×')]]]]>
    </line>
    <line>
      <![CDATA[Trying to find Element By : By.xpath: //div[@class='col-sm-6 col-xs-8']//img[@class='logo img-responsive']]]>
    </line>
    <line>
      <![CDATA[Found Element By : By.xpath: //div[@class='col-sm-6 col-xs-8']//img[@class='logo img-responsive']]]>
    </line>
    <line>
      <![CDATA[Successful logging with username -  perftest1]]>
    </line>
    <line>
      <![CDATA[-----------------------AccHistoryTest--------------]]>
    </line>
    <line>
      <![CDATA[Trying to find Element By : By.xpath: //ul[@class='nav nav-tabs']//a[contains(text(),'My Account')]]]>
    </line>
    <line>
      <![CDATA[Found Element By : By.xpath: //ul[@class='nav nav-tabs']//a[contains(text(),'My Account')]]]>
    </line>
    <line>
      <![CDATA[Trying to click on: [[ChromeDriver: chrome on XP (10537e31b2af622ff2c9e709e8c73919)] -> xpath: //ul[@class='nav nav-tabs']//a[contains(text(),'My Account')]]]]>
    </line>
    <line>
      <![CDATA[Exception occured: org.openqa.selenium.ElementClickInterceptedException: element click intercepted: Element <a title="..." data-subnav="1" aria-haspopup="true" role="menuitem">My Account</a> is not clickable at point (283, 212). Other element would receive the click: <div class="modal-backdrop fade"></div>
  (Session info: chrome=79.0.3945.117)
Build info: version: '3.141.59', revision: 'e82be7d358', time: '2018-11-14T08:17:03'
System info: host: 'IDELIVER20-PC', ip: '10.4.64.163', os.name: 'Windows 10', os.arch: 'amd64', os.version: '10.0', java.version: '1.8.0_231'
Driver info: org.openqa.selenium.chrome.ChromeDriver
Capabilities {acceptInsecureCerts: false, browserName: chrome, browserVersion: 79.0.3945.117, chrome: {chromedriverVersion: 78.0.3904.70 (edb9c9f3de024..., userDataDir: C:\Users\IDELIV~1\AppData\L...}, goog:chromeOptions: {debuggerAddress: localhost:53804}, javascriptEnabled: true, networkConnectionEnabled: false, pageLoadStrategy: normal, platform: XP, platformName: XP, proxy: Proxy(), setWindowRect: true, strictFileInteractability: false, timeouts: {implicit: 0, pageLoad: 300000, script: 30000}, unhandledPromptBehavior: dismiss and notify}
Session ID: 10537e31b2af622ff2c9e709e8c73919]]>
    </line>
    <line>
      <![CDATA[-----------------------PayBillTest--------------]]>
    </line>
    <line>
      <![CDATA[Trying to find Element By : By.xpath: //ul[@class='nav nav-tabs']//a[contains(text(),'My Account')]]]>
    </line>
    <line>
      <![CDATA[Found Element By : By.xpath: //ul[@class='nav nav-tabs']//a[contains(text(),'My Account')]]]>
    </line>
    <line>
      <![CDATA[Trying to click on: [[ChromeDriver: chrome on XP (10537e31b2af622ff2c9e709e8c73919)] -> xpath: //ul[@class='nav nav-tabs']//a[contains(text(),'My Account')]]]]>
    </line>
    <line>
      <![CDATA[Clicked on: [[ChromeDriver: chrome on XP (10537e31b2af622ff2c9e709e8c73919)] -> xpath: //ul[@class='nav nav-tabs']//a[contains(text(),'My Account')]]]]>
    </line>
    <line>
      <![CDATA[Pay Bill]]>
    </line>
    <line>
      <![CDATA[Trying to find Element By : By.xpath: //ul[@class='list-unstyled']//a[contains(text(),'Pay Bill')]]]>
    </line>
    <line>
      <![CDATA[Found Element By : By.xpath: //ul[@class='list-unstyled']//a[contains(text(),'Pay Bill')]]]>
    </line>
    <line>
      <![CDATA[Trying to find Element By : By.xpath: //ul[@class='list-unstyled']//a[contains(text(),'Pay Bill')]]]>
    </line>
    <line>
      <![CDATA[Found Element By : By.xpath: //ul[@class='list-unstyled']//a[contains(text(),'Pay Bill')]]]>
    </line>
    <line>
      <![CDATA[Trying to click on: [[ChromeDriver: chrome on XP (10537e31b2af622ff2c9e709e8c73919)] -> xpath: //ul[@class='list-unstyled']//a[contains(text(),'Pay Bill')]]]]>
    </line>
    <line>
      <![CDATA[Clicked on: [[ChromeDriver: chrome on XP (10537e31b2af622ff2c9e709e8c73919)] -> xpath: //ul[@class='list-unstyled']//a[contains(text(),'Pay Bill')]]]]>
    </line>
    <line>
      <![CDATA[Clicked on Pay Bill Link]]>
    </line>
  </reporter-output>
  <suite name="Default suite" duration-ms="127864" started-at="2020-01-14T16:34:41Z" finished-at="2020-01-14T16:36:49Z">
    <groups>
    </groups>
    <test name="Default test" duration-ms="127864" started-at="2020-01-14T16:34:41Z" finished-at="2020-01-14T16:36:49Z">
      <class name="com.eversource.qa.testcases.LoginPageTest">
        <test-method status="PASS" signature="setUp()[pri:0, instance:com.eversource.qa.testcases.LoginPageTest@32eebfca]" name="setUp" is-config="true" duration-ms="63516" started-at="2020-01-14T22:04:41Z" finished-at="2020-01-14T22:05:45Z">
          <reporter-output>
            <line>
              <![CDATA[Before navigating to: 'https://pat.eversource.us/']]>
            </line>
            <line>
              <![CDATA[Navigated to:'https://pat.eversource.us/']]>
            </line>
          </reporter-output>
        </test-method> <!-- setUp -->
        <test-method status="PASS" signature="LoginTest()[pri:1, instance:com.eversource.qa.testcases.LoginPageTest@32eebfca]" name="LoginTest" duration-ms="45558" started-at="2020-01-14T22:05:45Z" finished-at="2020-01-14T22:06:31Z">
          <reporter-output>
            <line>
              <![CDATA[-----------------------LoginTest--------------]]>
            </line>
            <line>
              <![CDATA[Trying to find Element By : By.xpath: //div[@id='RegionSelectorModal']//div[@class='modal-dialog']//div[@class='modal-content col-xs-12 col-sm-10 col-sm-offset-1 col-md-12 col-md-offset-0']//div[@class='modal-body']]]>
            </line>
            <line>
              <![CDATA[Found Element By : By.xpath: //div[@id='RegionSelectorModal']//div[@class='modal-dialog']//div[@class='modal-content col-xs-12 col-sm-10 col-sm-offset-1 col-md-12 col-md-offset-0']//div[@class='modal-body']]]>
            </line>
            <line>
              <![CDATA[Trying to find Element By : By.xpath: //div[@id='map']//a[contains(text(),'New Hampshire')]]]>
            </line>
            <line>
              <![CDATA[Found Element By : By.xpath: //div[@id='map']//a[contains(text(),'New Hampshire')]]]>
            </line>
            <line>
              <![CDATA[Trying to click on: [[ChromeDriver: chrome on XP (10537e31b2af622ff2c9e709e8c73919)] -> xpath: //div[@id='map']//a[contains(text(),'New Hampshire')]]]]>
            </line>
            <line>
              <![CDATA[Clicked on: [[ChromeDriver: chrome on XP (10537e31b2af622ff2c9e709e8c73919)] -> xpath: //div[@id='map']//a[contains(text(),'New Hampshire')]]]]>
            </line>
            <line>
              <![CDATA[Clicked on New Hampshire Link]]>
            </line>
            <line>
              <![CDATA[Logging testing with username - perftest1]]>
            </line>
            <line>
              <![CDATA[Logging testing with password - #Eversource1]]>
            </line>
            <line>
              <![CDATA[Trying to find Element By : By.xpath: //input[@id='Main_Login_txtUserName']]]>
            </line>
            <line>
              <![CDATA[Found Element By : By.xpath: //input[@id='Main_Login_txtUserName']]]>
            </line>
            <line>
              <![CDATA[Trying to find Element By : By.xpath: //input[@id='Main_Login_txtPassword']]]>
            </line>
            <line>
              <![CDATA[Found Element By : By.xpath: //input[@id='Main_Login_txtPassword']]]>
            </line>
            <line>
              <![CDATA[Trying to find Element By : By.xpath: //input[@id='Main_Login_btnLoginEnter']]]>
            </line>
            <line>
              <![CDATA[Found Element By : By.xpath: //input[@id='Main_Login_btnLoginEnter']]]>
            </line>
            <line>
              <![CDATA[Trying to click on: [[ChromeDriver: chrome on XP (10537e31b2af622ff2c9e709e8c73919)] -> xpath: //input[@id='Main_Login_btnLoginEnter']]]]>
            </line>
            <line>
              <![CDATA[Clicked on: [[ChromeDriver: chrome on XP (10537e31b2af622ff2c9e709e8c73919)] -> xpath: //input[@id='Main_Login_btnLoginEnter']]]]>
            </line>
            <line>
              <![CDATA[Trying to find Element By : By.xpath: //div[@id='promotion-modal']//span[contains(text(),'×')]]]>
            </line>
            <line>
              <![CDATA[Found Element By : By.xpath: //div[@id='promotion-modal']//span[contains(text(),'×')]]]>
            </line>
            <line>
              <![CDATA[Trying to find Element By : By.xpath: //div[@id='promotion-modal']//span[contains(text(),'×')]]]>
            </line>
            <line>
              <![CDATA[Found Element By : By.xpath: //div[@id='promotion-modal']//span[contains(text(),'×')]]]>
            </line>
            <line>
              <![CDATA[Trying to click on: [[ChromeDriver: chrome on XP (10537e31b2af622ff2c9e709e8c73919)] -> xpath: //div[@id='promotion-modal']//span[contains(text(),'×')]]]]>
            </line>
            <line>
              <![CDATA[Clicked on: [[ChromeDriver: chrome on XP (10537e31b2af622ff2c9e709e8c73919)] -> xpath: //div[@id='promotion-modal']//span[contains(text(),'×')]]]]>
            </line>
            <line>
              <![CDATA[Trying to find Element By : By.xpath: //div[@class='col-sm-6 col-xs-8']//img[@class='logo img-responsive']]]>
            </line>
            <line>
              <![CDATA[Found Element By : By.xpath: //div[@class='col-sm-6 col-xs-8']//img[@class='logo img-responsive']]]>
            </line>
            <line>
              <![CDATA[Successful logging with username -  perftest1]]>
            </line>
          </reporter-output>
        </test-method> <!-- LoginTest -->
        <test-method status="FAIL" signature="AccHistoryTest()[pri:2, instance:com.eversource.qa.testcases.LoginPageTest@32eebfca]" name="AccHistoryTest" duration-ms="915" started-at="2020-01-14T22:06:31Z" finished-at="2020-01-14T22:06:31Z">
          <exception class="org.openqa.selenium.ElementClickInterceptedException">
            <message>
              <![CDATA[element click intercepted: Element <a title="..." data-subnav="1" aria-haspopup="true" role="menuitem">My Account</a> is not clickable at point (283, 212). Other element would receive the click: <div class="modal-backdrop fade"></div>
  (Session info: chrome=79.0.3945.117)
Build info: version: '3.141.59', revision: 'e82be7d358', time: '2018-11-14T08:17:03'
System info: host: 'IDELIVER20-PC', ip: '10.4.64.163', os.name: 'Windows 10', os.arch: 'amd64', os.version: '10.0', java.version: '1.8.0_231'
Driver info: org.openqa.selenium.chrome.ChromeDriver
Capabilities {acceptInsecureCerts: false, browserName: chrome, browserVersion: 79.0.3945.117, chrome: {chromedriverVersion: 78.0.3904.70 (edb9c9f3de024..., userDataDir: C:\Users\IDELIV~1\AppData\L...}, goog:chromeOptions: {debuggerAddress: localhost:53804}, javascriptEnabled: true, networkConnectionEnabled: false, pageLoadStrategy: normal, platform: XP, platformName: XP, proxy: Proxy(), setWindowRect: true, strictFileInteractability: false, timeouts: {implicit: 0, pageLoad: 300000, script: 30000}, unhandledPromptBehavior: dismiss and notify}
Session ID: 10537e31b2af622ff2c9e709e8c73919]]>
            </message>
            <full-stacktrace>
              <![CDATA[org.openqa.selenium.ElementClickInterceptedException: element click intercepted: Element <a title="..." data-subnav="1" aria-haspopup="true" role="menuitem">My Account</a> is not clickable at point (283, 212). Other element would receive the click: <div class="modal-backdrop fade"></div>
  (Session info: chrome=79.0.3945.117)
Build info: version: '3.141.59', revision: 'e82be7d358', time: '2018-11-14T08:17:03'
System info: host: 'IDELIVER20-PC', ip: '10.4.64.163', os.name: 'Windows 10', os.arch: 'amd64', os.version: '10.0', java.version: '1.8.0_231'
Driver info: org.openqa.selenium.chrome.ChromeDriver
Capabilities {acceptInsecureCerts: false, browserName: chrome, browserVersion: 79.0.3945.117, chrome: {chromedriverVersion: 78.0.3904.70 (edb9c9f3de024..., userDataDir: C:\Users\IDELIV~1\AppData\L...}, goog:chromeOptions: {debuggerAddress: localhost:53804}, javascriptEnabled: true, networkConnectionEnabled: false, pageLoadStrategy: normal, platform: XP, platformName: XP, proxy: Proxy(), setWindowRect: true, strictFileInteractability: false, timeouts: {implicit: 0, pageLoad: 300000, script: 30000}, unhandledPromptBehavior: dismiss and notify}
Session ID: 10537e31b2af622ff2c9e709e8c73919
	at sun.reflect.NativeConstructorAccessorImpl.newInstance0(Native Method)
	at sun.reflect.NativeConstructorAccessorImpl.newInstance(Unknown Source)
	at sun.reflect.DelegatingConstructorAccessorImpl.newInstance(Unknown Source)
	at java.lang.reflect.Constructor.newInstance(Unknown Source)
	at org.openqa.selenium.remote.http.W3CHttpResponseCodec.createException(W3CHttpResponseCodec.java:187)
	at org.openqa.selenium.remote.http.W3CHttpResponseCodec.decode(W3CHttpResponseCodec.java:122)
	at org.openqa.selenium.remote.http.W3CHttpResponseCodec.decode(W3CHttpResponseCodec.java:49)
	at org.openqa.selenium.remote.HttpCommandExecutor.execute(HttpCommandExecutor.java:158)
	at org.openqa.selenium.remote.service.DriverCommandExecutor.execute(DriverCommandExecutor.java:83)
	at org.openqa.selenium.remote.RemoteWebDriver.execute(RemoteWebDriver.java:552)
	at org.openqa.selenium.remote.RemoteWebElement.execute(RemoteWebElement.java:285)
	at org.openqa.selenium.remote.RemoteWebElement.click(RemoteWebElement.java:84)
	at sun.reflect.NativeMethodAccessorImpl.invoke0(Native Method)
	at sun.reflect.NativeMethodAccessorImpl.invoke(Unknown Source)
	at sun.reflect.DelegatingMethodAccessorImpl.invoke(Unknown Source)
	at java.lang.reflect.Method.invoke(Unknown Source)
	at org.openqa.selenium.support.events.EventFiringWebDriver$EventFiringWebElement.lambda$new$0(EventFiringWebDriver.java:404)
	at com.sun.proxy.$Proxy13.click(Unknown Source)
	at org.openqa.selenium.support.events.EventFiringWebDriver$EventFiringWebElement.click(EventFiringWebDriver.java:417)
	at sun.reflect.NativeMethodAccessorImpl.invoke0(Native Method)
	at sun.reflect.NativeMethodAccessorImpl.invoke(Unknown Source)
	at sun.reflect.DelegatingMethodAccessorImpl.invoke(Unknown Source)
	at java.lang.reflect.Method.invoke(Unknown Source)
	at org.openqa.selenium.support.pagefactory.internal.LocatingElementHandler.invoke(LocatingElementHandler.java:51)
	at com.sun.proxy.$Proxy11.click(Unknown Source)
	at com.eversource.qa.pages.HomePage.clickOnAccountsLink(HomePage.java:59)
	at com.eversource.qa.testcases.LoginPageTest.AccHistoryTest(LoginPageTest.java:64)
	at sun.reflect.NativeMethodAccessorImpl.invoke0(Native Method)
	at sun.reflect.NativeMethodAccessorImpl.invoke(Unknown Source)
	at sun.reflect.DelegatingMethodAccessorImpl.invoke(Unknown Source)
	at java.lang.reflect.Method.invoke(Unknown Source)
	at org.testng.internal.MethodInvocationHelper.invokeMethod(MethodInvocationHelper.java:86)
	at org.testng.internal.Invoker.invokeMethod(Invoker.java:643)
	at org.testng.internal.Invoker.invokeTestMethod(Invoker.java:820)
	at org.testng.internal.Invoker.invokeTestMethods(Invoker.java:1128)
	at org.testng.internal.TestMethodWorker.invokeTestMethods(TestMethodWorker.java:129)
	at org.testng.internal.TestMethodWorker.run(TestMethodWorker.java:112)
	at org.testng.TestRunner.privateRun(TestRunner.java:782)
	at org.testng.TestRunner.run(TestRunner.java:632)
	at org.testng.SuiteRunner.runTest(SuiteRunner.java:366)
	at org.testng.SuiteRunner.runSequentially(SuiteRunner.java:361)
	at org.testng.SuiteRunner.privateRun(SuiteRunner.java:319)
	at org.testng.SuiteRunner.run(SuiteRunner.java:268)
	at org.testng.SuiteRunnerWorker.runSuite(SuiteRunnerWorker.java:52)
	at org.testng.SuiteRunnerWorker.run(SuiteRunnerWorker.java:86)
	at org.testng.TestNG.runSuitesSequentially(TestNG.java:1244)
	at org.testng.TestNG.runSuitesLocally(TestNG.java:1169)
	at org.testng.TestNG.run(TestNG.java:1064)
	at org.testng.remote.AbstractRemoteTestNG.run(AbstractRemoteTestNG.java:126)
	at org.testng.remote.RemoteTestNG.initAndRun(RemoteTestNG.java:152)
	at org.testng.remote.RemoteTestNG.main(RemoteTestNG.java:57)
]]>
            </full-stacktrace>
          </exception> <!-- org.openqa.selenium.ElementClickInterceptedException -->
          <reporter-output>
            <line>
              <![CDATA[-----------------------AccHistoryTest--------------]]>
            </line>
            <line>
              <![CDATA[Trying to find Element By : By.xpath: //ul[@class='nav nav-tabs']//a[contains(text(),'My Account')]]]>
            </line>
            <line>
              <![CDATA[Found Element By : By.xpath: //ul[@class='nav nav-tabs']//a[contains(text(),'My Account')]]]>
            </line>
            <line>
              <![CDATA[Trying to click on: [[ChromeDriver: chrome on XP (10537e31b2af622ff2c9e709e8c73919)] -> xpath: //ul[@class='nav nav-tabs']//a[contains(text(),'My Account')]]]]>
            </line>
            <line>
              <![CDATA[Exception occured: org.openqa.selenium.ElementClickInterceptedException: element click intercepted: Element <a title="..." data-subnav="1" aria-haspopup="true" role="menuitem">My Account</a> is not clickable at point (283, 212). Other element would receive the click: <div class="modal-backdrop fade"></div>
  (Session info: chrome=79.0.3945.117)
Build info: version: '3.141.59', revision: 'e82be7d358', time: '2018-11-14T08:17:03'
System info: host: 'IDELIVER20-PC', ip: '10.4.64.163', os.name: 'Windows 10', os.arch: 'amd64', os.version: '10.0', java.version: '1.8.0_231'
Driver info: org.openqa.selenium.chrome.ChromeDriver
Capabilities {acceptInsecureCerts: false, browserName: chrome, browserVersion: 79.0.3945.117, chrome: {chromedriverVersion: 78.0.3904.70 (edb9c9f3de024..., userDataDir: C:\Users\IDELIV~1\AppData\L...}, goog:chromeOptions: {debuggerAddress: localhost:53804}, javascriptEnabled: true, networkConnectionEnabled: false, pageLoadStrategy: normal, platform: XP, platformName: XP, proxy: Proxy(), setWindowRect: true, strictFileInteractability: false, timeouts: {implicit: 0, pageLoad: 300000, script: 30000}, unhandledPromptBehavior: dismiss and notify}
Session ID: 10537e31b2af622ff2c9e709e8c73919]]>
            </line>
          </reporter-output>
        </test-method> <!-- AccHistoryTest -->
        <test-method status="FAIL" signature="PayBillTest()[pri:3, instance:com.eversource.qa.testcases.LoginPageTest@32eebfca]" name="PayBillTest" duration-ms="14954" started-at="2020-01-14T22:06:32Z" finished-at="2020-01-14T22:06:46Z">
          <exception class="java.lang.NullPointerException">
            <full-stacktrace>
              <![CDATA[java.lang.NullPointerException
	at com.eversource.qa.util.Extent_reporter.Menuvalidation(Extent_reporter.java:67)
	at com.eversource.qa.pages.EverSource_HeaderMenu.CheckHeaderMenu(EverSource_HeaderMenu.java:27)
	at com.eversource.qa.pages.PayBill.createPayBill(PayBill.java:72)
	at com.eversource.qa.testcases.LoginPageTest.PayBillTest(LoginPageTest.java:88)
	at sun.reflect.NativeMethodAccessorImpl.invoke0(Native Method)
	at sun.reflect.NativeMethodAccessorImpl.invoke(Unknown Source)
	at sun.reflect.DelegatingMethodAccessorImpl.invoke(Unknown Source)
	at java.lang.reflect.Method.invoke(Unknown Source)
	at org.testng.internal.MethodInvocationHelper.invokeMethod(MethodInvocationHelper.java:86)
	at org.testng.internal.Invoker.invokeMethod(Invoker.java:643)
	at org.testng.internal.Invoker.invokeTestMethod(Invoker.java:820)
	at org.testng.internal.Invoker.invokeTestMethods(Invoker.java:1128)
	at org.testng.internal.TestMethodWorker.invokeTestMethods(TestMethodWorker.java:129)
	at org.testng.internal.TestMethodWorker.run(TestMethodWorker.java:112)
	at org.testng.TestRunner.privateRun(TestRunner.java:782)
	at org.testng.TestRunner.run(TestRunner.java:632)
	at org.testng.SuiteRunner.runTest(SuiteRunner.java:366)
	at org.testng.SuiteRunner.runSequentially(SuiteRunner.java:361)
	at org.testng.SuiteRunner.privateRun(SuiteRunner.java:319)
	at org.testng.SuiteRunner.run(SuiteRunner.java:268)
	at org.testng.SuiteRunnerWorker.runSuite(SuiteRunnerWorker.java:52)
	at org.testng.SuiteRunnerWorker.run(SuiteRunnerWorker.java:86)
	at org.testng.TestNG.runSuitesSequentially(TestNG.java:1244)
	at org.testng.TestNG.runSuitesLocally(TestNG.java:1169)
	at org.testng.TestNG.run(TestNG.java:1064)
	at org.testng.remote.AbstractRemoteTestNG.run(AbstractRemoteTestNG.java:126)
	at org.testng.remote.RemoteTestNG.initAndRun(RemoteTestNG.java:152)
	at org.testng.remote.RemoteTestNG.main(RemoteTestNG.java:57)
]]>
            </full-stacktrace>
          </exception> <!-- java.lang.NullPointerException -->
          <reporter-output>
            <line>
              <![CDATA[-----------------------PayBillTest--------------]]>
            </line>
            <line>
              <![CDATA[Trying to find Element By : By.xpath: //ul[@class='nav nav-tabs']//a[contains(text(),'My Account')]]]>
            </line>
            <line>
              <![CDATA[Found Element By : By.xpath: //ul[@class='nav nav-tabs']//a[contains(text(),'My Account')]]]>
            </line>
            <line>
              <![CDATA[Trying to click on: [[ChromeDriver: chrome on XP (10537e31b2af622ff2c9e709e8c73919)] -> xpath: //ul[@class='nav nav-tabs']//a[contains(text(),'My Account')]]]]>
            </line>
            <line>
              <![CDATA[Clicked on: [[ChromeDriver: chrome on XP (10537e31b2af622ff2c9e709e8c73919)] -> xpath: //ul[@class='nav nav-tabs']//a[contains(text(),'My Account')]]]]>
            </line>
            <line>
              <![CDATA[Pay Bill]]>
            </line>
            <line>
              <![CDATA[Trying to find Element By : By.xpath: //ul[@class='list-unstyled']//a[contains(text(),'Pay Bill')]]]>
            </line>
            <line>
              <![CDATA[Found Element By : By.xpath: //ul[@class='list-unstyled']//a[contains(text(),'Pay Bill')]]]>
            </line>
            <line>
              <![CDATA[Trying to find Element By : By.xpath: //ul[@class='list-unstyled']//a[contains(text(),'Pay Bill')]]]>
            </line>
            <line>
              <![CDATA[Found Element By : By.xpath: //ul[@class='list-unstyled']//a[contains(text(),'Pay Bill')]]]>
            </line>
            <line>
              <![CDATA[Trying to click on: [[ChromeDriver: chrome on XP (10537e31b2af622ff2c9e709e8c73919)] -> xpath: //ul[@class='list-unstyled']//a[contains(text(),'Pay Bill')]]]]>
            </line>
            <line>
              <![CDATA[Clicked on: [[ChromeDriver: chrome on XP (10537e31b2af622ff2c9e709e8c73919)] -> xpath: //ul[@class='list-unstyled']//a[contains(text(),'Pay Bill')]]]]>
            </line>
            <line>
              <![CDATA[Clicked on Pay Bill Link]]>
            </line>
          </reporter-output>
        </test-method> <!-- PayBillTest -->
        <test-method status="PASS" signature="Flush()[pri:0, instance:com.eversource.qa.testcases.LoginPageTest@32eebfca]" name="Flush" is-config="true" duration-ms="2866" started-at="2020-01-14T22:06:46Z" finished-at="2020-01-14T22:06:49Z">
          <reporter-output>
          </reporter-output>
        </test-method> <!-- Flush -->
      </class> <!-- com.eversource.qa.testcases.LoginPageTest -->
    </test> <!-- Default test -->
  </suite> <!-- Default suite -->
</testng-results>
